Using pre-set license
Built from '2021.3/staging' branch; Version is '2021.3.18f1 (3129e69bc0c7) revision 3221990'; Using compiler version '192829333'; Build Type 'Release'
OS: 'Windows 11  (10.0.22621) 64bit CoreSingleLanguage' Language: 'en' Physical Memory: 15629 MB
BatchMode: 1, IsHumanControllingUs: 0, StartBugReporterOnCrash: 0, Is64bit: 1, IsPro: 1

COMMAND LINE ARGUMENTS:
C:\Program Files\Unity\Hub\Editor\2021.3.18f1\Editor\Unity.exe
-adb2
-batchMode
-noUpm
-name
AssetImportWorker3
-projectPath
D:/Go!!/Slappy's Adv (v0.1)
-logFile
Logs/AssetImportWorker3.log
-srvPort
61428
Successfully changed project path to: D:/Go!!/Slappy's Adv (v0.1)
D:/Go!!/Slappy's Adv (v0.1)
[UnityMemory] Configuration Parameters - Can be set up in boot.config
    "memorysetup-bucket-allocator-granularity=16"
    "memorysetup-bucket-allocator-bucket-count=8"
    "memorysetup-bucket-allocator-block-size=33554432"
    "memorysetup-bucket-allocator-block-count=8"
    "memorysetup-main-allocator-block-size=16777216"
    "memorysetup-thread-allocator-block-size=16777216"
    "memorysetup-gfx-main-allocator-block-size=16777216"
    "memorysetup-gfx-thread-allocator-block-size=16777216"
    "memorysetup-cache-allocator-block-size=4194304"
    "memorysetup-typetree-allocator-block-size=2097152"
    "memorysetup-profiler-bucket-allocator-granularity=16"
    "memorysetup-profiler-bucket-allocator-bucket-count=8"
    "memorysetup-profiler-bucket-allocator-block-size=33554432"
    "memorysetup-profiler-bucket-allocator-block-count=8"
    "memorysetup-profiler-allocator-block-size=16777216"
    "memorysetup-profiler-editor-allocator-block-size=1048576"
    "memorysetup-temp-allocator-size-main=16777216"
    "memorysetup-job-temp-allocator-block-size=2097152"
    "memorysetup-job-temp-allocator-block-size-background=1048576"
    "memorysetup-job-temp-allocator-reduction-small-platforms=262144"
    "memorysetup-temp-allocator-size-background-worker=32768"
    "memorysetup-temp-allocator-size-job-worker=262144"
    "memorysetup-temp-allocator-size-preload-manager=33554432"
    "memorysetup-temp-allocator-size-nav-mesh-worker=65536"
    "memorysetup-temp-allocator-size-audio-worker=65536"
    "memorysetup-temp-allocator-size-cloud-worker=32768"
    "memorysetup-temp-allocator-size-gi-baking-worker=262144"
    "memorysetup-temp-allocator-size-gfx=262144"
Player connection [20348] Host "[IP] 192.168.25.221 [Port] 0 [Flags] 2 [Guid] 1937981020 [EditorId] 1937981020 [Version] 1048832 [Id] WindowsEditor(7,Somya) [Debug] 1 [PackageName] WindowsEditor [ProjectName] Editor" joined multi-casting on [225.0.0.222:54997]...

Player connection [20348] Host "[IP] 192.168.25.221 [Port] 0 [Flags] 2 [Guid] 1937981020 [EditorId] 1937981020 [Version] 1048832 [Id] WindowsEditor(7,Somya) [Debug] 1 [PackageName] WindowsEditor [ProjectName] Editor" joined alternative multi-casting on [225.0.0.222:34997]...

Refreshing native plugins compatible for Editor in 68.88 ms, found 3 plugins.
Preloading 0 native plugins for Editor in 0.00 ms.
Initialize engine version: 2021.3.18f1 (3129e69bc0c7)
[Subsystems] Discovering subsystems at path C:/Program Files/Unity/Hub/Editor/2021.3.18f1/Editor/Data/Resources/UnitySubsystems
[Subsystems] Discovering subsystems at path D:/Go!!/Slappy's Adv (v0.1)/Assets
GfxDevice: creating device client; threaded=0; jobified=0
Direct3D:
    Version:  Direct3D 11.0 [level 11.1]
    Renderer: NVIDIA GeForce RTX 3050 Laptop GPU (ID=0x25a2)
    Vendor:   NVIDIA
    VRAM:     3977 MB
    Driver:   31.0.15.2849
Initialize mono
Mono path[0] = 'C:/Program Files/Unity/Hub/Editor/2021.3.18f1/Editor/Data/Managed'
Mono path[1] = 'C:/Program Files/Unity/Hub/Editor/2021.3.18f1/Editor/Data/MonoBleedingEdge/lib/mono/unityjit-win32'
Mono config path = 'C:/Program Files/Unity/Hub/Editor/2021.3.18f1/Editor/Data/MonoBleedingEdge/etc'
Using monoOptions --debugger-agent=transport=dt_socket,embedding=1,server=y,suspend=n,address=127.0.0.1:56396
Begin MonoManager ReloadAssembly
Registering precompiled unity dll's ...
Register platform support module: C:/Program Files/Unity/Hub/Editor/2021.3.18f1/Editor/Data/PlaybackEngines/AndroidPlayer/UnityEditor.Android.Extensions.dll
Register platform support module: C:/Program Files/Unity/Hub/Editor/2021.3.18f1/Editor/Data/PlaybackEngines/iOSSupport/UnityEditor.iOS.Extensions.dll
Register platform support module: C:/Program Files/Unity/Hub/Editor/2021.3.18f1/Editor/Data/PlaybackEngines/WindowsStandaloneSupport/UnityEditor.WindowsStandalone.Extensions.dll
Registered in 0.007515 seconds.
Native extension for WindowsStandalone target not found
[usbmuxd] Start listen thread
[usbmuxd] Listen thread started
Native extension for iOS target not found
Native extension for Android target not found
Android Extension - Scanning For ADB Devices 525 ms
Refreshing native plugins compatible for Editor in 91.03 ms, found 3 plugins.
Preloading 0 native plugins for Editor in 0.00 ms.
Mono: successfully reloaded assembly
- Completed reload, in  1.156 seconds
Domain Reload Profiling:
	ReloadAssembly (1157ms)
		BeginReloadAssembly (72ms)
			ExecutionOrderSort (0ms)
			DisableScriptedObjects (0ms)
			BackupInstance (0ms)
			ReleaseScriptingObjects (0ms)
			CreateAndSetChildDomain (1ms)
		EndReloadAssembly (983ms)
			LoadAssemblies (71ms)
			RebuildTransferFunctionScriptingTraits (0ms)
			SetupTypeCache (92ms)
			ReleaseScriptCaches (0ms)
			RebuildScriptCaches (22ms)
			SetupLoadedEditorAssemblies (824ms)
				LogAssemblyErrors (0ms)
				InitializePlatformSupportModulesInManaged (592ms)
				SetLoadedEditorAssemblies (0ms)
				RefreshPlugins (91ms)
				BeforeProcessingInitializeOnLoad (2ms)
				ProcessInitializeOnLoadAttributes (94ms)
				ProcessInitializeOnLoadMethodAttributes (44ms)
				AfterProcessingInitializeOnLoad (0ms)
				EditorAssembliesLoaded (0ms)
			ExecutionOrderSort2 (0ms)
			AwakeInstancesAfterBackupRestoration (0ms)
Platform modules already initialized, skipping
Registering precompiled user dll's ...
Registered in 0.006638 seconds.
Begin MonoManager ReloadAssembly
Symbol file LoadedFromMemory doesn't match image D:\Go!!\Slappy's Adv (v0.1)\Library\PackageCache\com.unity.visualscripting@1.8.0\Editor\VisualScripting.Core\Dependencies\YamlDotNet\Unity.VisualScripting.YamlDotNet.dll
Symbol file LoadedFromMemory doesn't match image D:\Go!!\Slappy's Adv (v0.1)\Library\PackageCache\com.unity.visualscripting@1.8.0\Editor\VisualScripting.Core\Dependencies\DotNetZip\Unity.VisualScripting.IonicZip.dll
Native extension for WindowsStandalone target not found
Native extension for iOS target not found
Native extension for Android target not found
Refreshing native plugins compatible for Editor in 0.62 ms, found 3 plugins.
Preloading 0 native plugins for Editor in 0.00 ms.
Mono: successfully reloaded assembly
- Completed reload, in  0.849 seconds
Domain Reload Profiling:
	ReloadAssembly (850ms)
		BeginReloadAssembly (99ms)
			ExecutionOrderSort (0ms)
			DisableScriptedObjects (6ms)
			BackupInstance (0ms)
			ReleaseScriptingObjects (0ms)
			CreateAndSetChildDomain (21ms)
		EndReloadAssembly (658ms)
			LoadAssemblies (70ms)
			RebuildTransferFunctionScriptingTraits (0ms)
			SetupTypeCache (219ms)
			ReleaseScriptCaches (0ms)
			RebuildScriptCaches (39ms)
			SetupLoadedEditorAssemblies (292ms)
				LogAssemblyErrors (0ms)
				InitializePlatformSupportModulesInManaged (24ms)
				SetLoadedEditorAssemblies (0ms)
				RefreshPlugins (1ms)
				BeforeProcessingInitializeOnLoad (64ms)
				ProcessInitializeOnLoadAttributes (174ms)
				ProcessInitializeOnLoadMethodAttributes (19ms)
				AfterProcessingInitializeOnLoad (10ms)
				EditorAssembliesLoaded (0ms)
			ExecutionOrderSort2 (0ms)
			AwakeInstancesAfterBackupRestoration (6ms)
Platform modules already initialized, skipping
========================================================================
Worker process is ready to serve import requests
Launched and connected shader compiler UnityShaderCompiler.exe after 0.04 seconds
Refreshing native plugins compatible for Editor in 1.18 ms, found 3 plugins.
Preloading 0 native plugins for Editor in 0.00 ms.
Unloading 3215 Unused Serialized files (Serialized files now loaded: 0)
Unloading 30 unused Assets / (1.0 MB). Loaded Objects now: 3673.
Memory consumption went from 118.2 MB to 117.3 MB.
Total: 5.290100 ms (FindLiveObjects: 0.419300 ms CreateObjectMapping: 0.110700 ms MarkObjects: 4.256600 ms  DeleteObjects: 0.502300 ms)

AssetImportParameters requested are different than current active one (requested -> active):
  custom:video-decoder-ogg-theora: a1e56fd34408186e4bbccfd4996cb3dc -> 
  custom:container-muxer-webm: aa71ff27fc2769a1b78a27578f13a17b -> 
  custom:container-demuxer-webm: 4f35f7cbe854078d1ac9338744f61a02 -> 
  custom:video-encoder-webm-vp8: eb34c28f22e8b96e1ab97ce403110664 -> 
  custom:video-codec-MediaFoundation-h265: 746d11721c4dcdbdad8f713fa42b33f4 -> 
  custom:audio-encoder-webm-vorbis: bf7c407c2cedff20999df2af8eb42d56 -> 
  custom:framework-win-MediaFoundation: 216162199b28c13a410421893ffa2e32 -> 
  custom:container-demuxer-ogg: 62fdf1f143b41e24485cea50d1cbac27 -> 
  custom:video-decoder-webm-vp8: 9c59270c3fd7afecdb556c50c9e8de78 -> 
  custom:audio-decoder-ogg-vorbis: bf7c407c2cedff20999df2af8eb42d56 -> 
========================================================================
Received Import Request.
  Time since last request: 177148.438760 seconds.
  path: Assets/Sprites/Cutscenes/Level1/e09.png
  artifactKey: Guid(7844dd10a43954b4b9e0410a2c2ab631) Importer(815301076,1909f56bfc062723c751e8b465ee728b)
Start importing Assets/Sprites/Cutscenes/Level1/e09.png using Guid(7844dd10a43954b4b9e0410a2c2ab631) Importer(815301076,1909f56bfc062723c751e8b465ee728b)  -> (artifact id: '266bb6e73fc5009ac723a59a80270b08') in 0.252447 seconds 
========================================================================
Received Import Request.
  Time since last request: 0.000031 seconds.
  path: Assets/Sprites/Cutscenes/Level2/e2-01.png
  artifactKey: Guid(2d9652395acc27044a1151040d3a3b53) Importer(815301076,1909f56bfc062723c751e8b465ee728b)
Start importing Assets/Sprites/Cutscenes/Level2/e2-01.png using Guid(2d9652395acc27044a1151040d3a3b53) Importer(815301076,1909f56bfc062723c751e8b465ee728b)  -> (artifact id: '963837bfd7ac18f1e41efb9246570faf') in 0.107216 seconds 
========================================================================
Received Import Request.
  Time since last request: 6.771460 seconds.
  path: Assets/Sprites/UI/MiniIcons/gony-mini.png
  artifactKey: Guid(855a51e7a1d17ab498d807580b4c530b) Importer(815301076,1909f56bfc062723c751e8b465ee728b)
Start importing Assets/Sprites/UI/MiniIcons/gony-mini.png using Guid(855a51e7a1d17ab498d807580b4c530b) Importer(815301076,1909f56bfc062723c751e8b465ee728b)  -> (artifact id: '08c42d24875f1335977cc6b5c97fe2da') in 0.010028 seconds 
========================================================================
Received Import Request.
  Time since last request: 0.000019 seconds.
  path: Assets/Sprites/UI/heart-outline.png
  artifactKey: Guid(25194b61e9aaa374bb820d2ae0256f5f) Importer(815301076,1909f56bfc062723c751e8b465ee728b)
Start importing Assets/Sprites/UI/heart-outline.png using Guid(25194b61e9aaa374bb820d2ae0256f5f) Importer(815301076,1909f56bfc062723c751e8b465ee728b)  -> (artifact id: 'c10738a874992f3d99185db7451371e1') in 0.010674 seconds 
========================================================================
Received Import Request.
  Time since last request: 0.037514 seconds.
  path: Assets/Sprites/UI/Title/helpt3.png
  artifactKey: Guid(7d4aea9404ff3974da44f78cb3d20c41) Importer(815301076,1909f56bfc062723c751e8b465ee728b)
Start importing Assets/Sprites/UI/Title/helpt3.png using Guid(7d4aea9404ff3974da44f78cb3d20c41) Importer(815301076,1909f56bfc062723c751e8b465ee728b)  -> (artifact id: '70fa0796a5e82acd63d62a5c42753f98') in 0.010029 seconds 
========================================================================
Received Import Request.
  Time since last request: 0.000017 seconds.
  path: Assets/Sprites/UI/Title/helpt5.png
  artifactKey: Guid(7e459ae3b43499040907b9e7463a30b9) Importer(815301076,1909f56bfc062723c751e8b465ee728b)
Start importing Assets/Sprites/UI/Title/helpt5.png using Guid(7e459ae3b43499040907b9e7463a30b9) Importer(815301076,1909f56bfc062723c751e8b465ee728b)  -> (artifact id: '38c206ee352c75e7b32abfc52d51f800') in 0.012314 seconds 
========================================================================
Received Import Request.
  Time since last request: 0.000015 seconds.
  path: Assets/Sprites/UI/Title/house.png
  artifactKey: Guid(00b9109048d5cc042af2abc5432534d8) Importer(815301076,1909f56bfc062723c751e8b465ee728b)
Start importing Assets/Sprites/UI/Title/house.png using Guid(00b9109048d5cc042af2abc5432534d8) Importer(815301076,1909f56bfc062723c751e8b465ee728b)  -> (artifact id: 'c63d5d7681480fe19da936d7e83bc8f2') in 0.011656 seconds 
========================================================================
Received Import Request.
  Time since last request: 0.355682 seconds.
  path: Packages/com.unity.collab-proxy/Editor/PlasticSCM/Assets/Images/iconaddedoverlay@2x.png
  artifactKey: Guid(74ef721fef79c44489d4e3edb0ab0c01) Importer(815301076,1909f56bfc062723c751e8b465ee728b)
Start importing Packages/com.unity.collab-proxy/Editor/PlasticSCM/Assets/Images/iconaddedoverlay@2x.png using Guid(74ef721fef79c44489d4e3edb0ab0c01) Importer(815301076,1909f56bfc062723c751e8b465ee728b)  -> (artifact id: 'f4313b31614b4bb8dbe219ca92372261') in 0.007716 seconds 
========================================================================
Received Import Request.
  Time since last request: 0.000019 seconds.
  path: Packages/com.unity.collab-proxy/Editor/PlasticSCM/Assets/Images/iconbranch.png
  artifactKey: Guid(a6219d44b6fc910449f7c3fee45db5c5) Importer(815301076,1909f56bfc062723c751e8b465ee728b)
Start importing Packages/com.unity.collab-proxy/Editor/PlasticSCM/Assets/Images/iconbranch.png using Guid(a6219d44b6fc910449f7c3fee45db5c5) Importer(815301076,1909f56bfc062723c751e8b465ee728b)  -> (artifact id: '0d0b28bfd053f89f3cd2e0281c63c871') in 0.006958 seconds 
========================================================================
Received Import Request.
  Time since last request: 0.068266 seconds.
  path: Packages/com.unity.collab-proxy/Editor/PlasticSCM/Assets/Images/iconconflictedoverlay@2x.png
  artifactKey: Guid(5679a74364f6b4440ab7e7aed55cd95e) Importer(815301076,1909f56bfc062723c751e8b465ee728b)
Start importing Packages/com.unity.collab-proxy/Editor/PlasticSCM/Assets/Images/iconconflictedoverlay@2x.png using Guid(5679a74364f6b4440ab7e7aed55cd95e) Importer(815301076,1909f56bfc062723c751e8b465ee728b)  -> (artifact id: '1020a31530554eaf5c82465d572fcf95') in 0.006813 seconds 
========================================================================
Received Import Request.
  Time since last request: 0.000016 seconds.
  path: Packages/com.unity.collab-proxy/Editor/PlasticSCM/Assets/Images/iconconflictresolvedoverlay@2x.png
  artifactKey: Guid(309b1d5a294fd6c43ae9cf77656c1852) Importer(815301076,1909f56bfc062723c751e8b465ee728b)
Start importing Packages/com.unity.collab-proxy/Editor/PlasticSCM/Assets/Images/iconconflictresolvedoverlay@2x.png using Guid(309b1d5a294fd6c43ae9cf77656c1852) Importer(815301076,1909f56bfc062723c751e8b465ee728b)  -> (artifact id: 'c6432471f6a6117f2cfa1016cdaf92cb') in 0.007226 seconds 
========================================================================
Received Import Request.
  Time since last request: 0.058102 seconds.
  path: Packages/com.unity.collab-proxy/Editor/PlasticSCM/Assets/Images/iconemptygravatar.png
  artifactKey: Guid(91976e8b9ce0f0341838727acd55621c) Importer(815301076,1909f56bfc062723c751e8b465ee728b)
Start importing Packages/com.unity.collab-proxy/Editor/PlasticSCM/Assets/Images/iconemptygravatar.png using Guid(91976e8b9ce0f0341838727acd55621c) Importer(815301076,1909f56bfc062723c751e8b465ee728b)  -> (artifact id: 'd03f7f5001b87a37e69cad0582f02dc8') in 0.008475 seconds 
========================================================================
Received Import Request.
  Time since last request: 0.418731 seconds.
  path: Packages/com.unity.collab-proxy/Editor/PlasticSCM/Assets/Images/iconoutofsync@2x.png
  artifactKey: Guid(d7094718bdac022428dd29244922d06b) Importer(815301076,1909f56bfc062723c751e8b465ee728b)
Start importing Packages/com.unity.collab-proxy/Editor/PlasticSCM/Assets/Images/iconoutofsync@2x.png using Guid(d7094718bdac022428dd29244922d06b) Importer(815301076,1909f56bfc062723c751e8b465ee728b)  -> (artifact id: 'f139ed9591ed517aa95556cfb5befbce') in 0.007337 seconds 
========================================================================
Received Import Request.
  Time since last request: 0.074168 seconds.
  path: Packages/com.unity.collab-proxy/Editor/PlasticSCM/Assets/Images/iconplasticview.png
  artifactKey: Guid(dcb2ee37925b97e438ae244996d81a55) Importer(815301076,1909f56bfc062723c751e8b465ee728b)
Start importing Packages/com.unity.collab-proxy/Editor/PlasticSCM/Assets/Images/iconplasticview.png using Guid(dcb2ee37925b97e438ae244996d81a55) Importer(815301076,1909f56bfc062723c751e8b465ee728b)  -> (artifact id: 'f2009aaf50e5b05fdc295be593091750') in 0.007350 seconds 
========================================================================
Received Import Request.
  Time since last request: 0.070660 seconds.
  path: Packages/com.unity.collab-proxy/Editor/PlasticSCM/Assets/Images/iconundo.png
  artifactKey: Guid(98773313eabe35543bfdbf542ccea271) Importer(815301076,1909f56bfc062723c751e8b465ee728b)
Start importing Packages/com.unity.collab-proxy/Editor/PlasticSCM/Assets/Images/iconundo.png using Guid(98773313eabe35543bfdbf542ccea271) Importer(815301076,1909f56bfc062723c751e8b465ee728b)  -> (artifact id: '7486d4da87e598a92490fd8a1930cf08') in 0.006741 seconds 
========================================================================
Received Import Request.
  Time since last request: 0.000015 seconds.
  path: Packages/com.unity.collab-proxy/Editor/PlasticSCM/Assets/Images/iconundo@2x.png
  artifactKey: Guid(0dfbb2b6ddcdd254da80e3418498b3a6) Importer(815301076,1909f56bfc062723c751e8b465ee728b)
Start importing Packages/com.unity.collab-proxy/Editor/PlasticSCM/Assets/Images/iconundo@2x.png using Guid(0dfbb2b6ddcdd254da80e3418498b3a6) Importer(815301076,1909f56bfc062723c751e8b465ee728b)  -> (artifact id: '1b7a1294fee91cb30662daa9a431c5fc') in 0.007172 seconds 
========================================================================
Received Import Request.
  Time since last request: 0.251381 seconds.
  path: Packages/com.unity.collab-proxy/Editor/PlasticSCM/Assets/Images/loading@2x.png
  artifactKey: Guid(5dbc069eb79bd4d43840847264d6d956) Importer(815301076,1909f56bfc062723c751e8b465ee728b)
Start importing Packages/com.unity.collab-proxy/Editor/PlasticSCM/Assets/Images/loading@2x.png using Guid(5dbc069eb79bd4d43840847264d6d956) Importer(815301076,1909f56bfc062723c751e8b465ee728b)  -> (artifact id: '48fc1e1efd8b99adecbbed3e53f095d9') in 0.006867 seconds 
========================================================================
Received Import Request.
  Time since last request: 0.000015 seconds.
  path: Assets/Sprites/Cutscenes/Level1/meme.png
  artifactKey: Guid(f7cea8b201c835f47b1ebbf7db168b1b) Importer(815301076,1909f56bfc062723c751e8b465ee728b)
Start importing Assets/Sprites/Cutscenes/Level1/meme.png using Guid(f7cea8b201c835f47b1ebbf7db168b1b) Importer(815301076,1909f56bfc062723c751e8b465ee728b)  -> (artifact id: '1e7c216021650ca518805899d262eec8') in 0.086304 seconds 
========================================================================
Received Import Request.
  Time since last request: 0.000023 seconds.
  path: Assets/Sprites/Cutscenes/Level2/o2-03.png
  artifactKey: Guid(69091a458d2e4644f86da78507e76750) Importer(815301076,1909f56bfc062723c751e8b465ee728b)
Start importing Assets/Sprites/Cutscenes/Level2/o2-03.png using Guid(69091a458d2e4644f86da78507e76750) Importer(815301076,1909f56bfc062723c751e8b465ee728b)  -> (artifact id: '297d727a98788bcb0e850411fcc6a2d2') in 0.086804 seconds 
========================================================================
Received Import Request.
  Time since last request: 0.000031 seconds.
  path: Assets/Sprites/Cutscenes/Level2/o2-08.png
  artifactKey: Guid(428edc261609a034a8b1ae85f1924b35) Importer(815301076,1909f56bfc062723c751e8b465ee728b)
Start importing Assets/Sprites/Cutscenes/Level2/o2-08.png using Guid(428edc261609a034a8b1ae85f1924b35) Importer(815301076,1909f56bfc062723c751e8b465ee728b)  -> (artifact id: 'd4ec8dfb7abfda8faf65ce766ac3357e') in 0.087869 seconds 
========================================================================
Received Import Request.
  Time since last request: 0.000026 seconds.
  path: Assets/Sprites/Cutscenes/Level2/o2-05.png
  artifactKey: Guid(f8c34be63bf30a14dbe9e8fe742ab1ad) Importer(815301076,1909f56bfc062723c751e8b465ee728b)
Start importing Assets/Sprites/Cutscenes/Level2/o2-05.png using Guid(f8c34be63bf30a14dbe9e8fe742ab1ad) Importer(815301076,1909f56bfc062723c751e8b465ee728b)  -> (artifact id: '86c19b80aa371080fe92d44a1ab40af3') in 0.080574 seconds 
========================================================================
Received Import Request.
  Time since last request: 0.000019 seconds.
  path: Assets/Sprites/Cutscenes/Level2/o2-00s.png
  artifactKey: Guid(843774108cd69204cb08b205aafeb2fa) Importer(815301076,1909f56bfc062723c751e8b465ee728b)
Start importing Assets/Sprites/Cutscenes/Level2/o2-00s.png using Guid(843774108cd69204cb08b205aafeb2fa) Importer(815301076,1909f56bfc062723c751e8b465ee728b)  -> (artifact id: '3c315e69b2d62fd40a5f04c142a61f8a') in 0.100339 seconds 
========================================================================
Received Import Request.
  Time since last request: 0.000018 seconds.
  path: Assets/Sprites/Cutscenes/Level2/o2-01.png
  artifactKey: Guid(ad917666b56df64499464f8c2968c162) Importer(815301076,1909f56bfc062723c751e8b465ee728b)
Start importing Assets/Sprites/Cutscenes/Level2/o2-01.png using Guid(ad917666b56df64499464f8c2968c162) Importer(815301076,1909f56bfc062723c751e8b465ee728b)  -> (artifact id: '258240f6ea0404081932c7927e1541a0') in 0.079021 seconds 
========================================================================
Received Import Request.
  Time since last request: 0.052488 seconds.
  path: Assets/Sprites/UI/p-back.png
  artifactKey: Guid(177fc6a588855c340afe9d297033bc75) Importer(815301076,1909f56bfc062723c751e8b465ee728b)
Start importing Assets/Sprites/UI/p-back.png using Guid(177fc6a588855c340afe9d297033bc75) Importer(815301076,1909f56bfc062723c751e8b465ee728b)  -> (artifact id: '527704f43637c137f8d8b1403c7f3000') in 0.009194 seconds 
========================================================================
Received Import Request.
  Time since last request: 0.000017 seconds.
  path: Assets/Sprites/UI/p-l2.png
  artifactKey: Guid(10552a2e00e189c4dbb709c9ed081d54) Importer(815301076,1909f56bfc062723c751e8b465ee728b)
Start importing Assets/Sprites/UI/p-l2.png using Guid(10552a2e00e189c4dbb709c9ed081d54) Importer(815301076,1909f56bfc062723c751e8b465ee728b)  -> (artifact id: '1dbce3858c95773c5f96d11161c64dbd') in 0.009330 seconds 
========================================================================
Received Import Request.
  Time since last request: 0.000018 seconds.
  path: Assets/Sprites/UI/Title/pixel-bg.png
  artifactKey: Guid(6706f61e737a60c4e9440a9685433041) Importer(815301076,1909f56bfc062723c751e8b465ee728b)
Start importing Assets/Sprites/UI/Title/pixel-bg.png using Guid(6706f61e737a60c4e9440a9685433041) Importer(815301076,1909f56bfc062723c751e8b465ee728b)  -> (artifact id: '0d48ba6ab229bec7d7cc59eef22e400e') in 0.037079 seconds 
========================================================================
Received Import Request.
  Time since last request: 0.000021 seconds.
  path: Assets/Sprites/UI/play_button.png
  artifactKey: Guid(0a7688703c037d34c838379e5ca363b1) Importer(815301076,1909f56bfc062723c751e8b465ee728b)
Start importing Assets/Sprites/UI/play_button.png using Guid(0a7688703c037d34c838379e5ca363b1) Importer(815301076,1909f56bfc062723c751e8b465ee728b)  -> (artifact id: '56c2202eddcb5b7c3026d6151350e4eb') in 0.005914 seconds 
========================================================================
Received Import Request.
  Time since last request: 0.000017 seconds.
  path: Assets/Sprites/UI/p-settings.png
  artifactKey: Guid(bb0f95966d2c6e14286e56193def186c) Importer(815301076,1909f56bfc062723c751e8b465ee728b)
Start importing Assets/Sprites/UI/p-settings.png using Guid(bb0f95966d2c6e14286e56193def186c) Importer(815301076,1909f56bfc062723c751e8b465ee728b)  -> (artifact id: 'fc1ccecd666695f789b05460dbd43fb9') in 0.006404 seconds 
========================================================================
Received Import Request.
  Time since last request: 0.004598 seconds.
  path: Packages/com.unity.collab-proxy/Editor/PlasticSCM/Assets/Images/refresh.png
  artifactKey: Guid(6f6a4c6bd7cdc654d9d91f7de72afcb6) Importer(815301076,1909f56bfc062723c751e8b465ee728b)
Start importing Packages/com.unity.collab-proxy/Editor/PlasticSCM/Assets/Images/refresh.png using Guid(6f6a4c6bd7cdc654d9d91f7de72afcb6) Importer(815301076,1909f56bfc062723c751e8b465ee728b)  -> (artifact id: '4f662c1270246b02cbf4f4bc02631d80') in 0.007124 seconds 
========================================================================
Received Import Request.
  Time since last request: 0.000017 seconds.
  path: Packages/com.unity.collab-proxy/Editor/PlasticSCM/Assets/Images/refresh@2x.png
  artifactKey: Guid(59571f82a0dc1a14da606dc0df6f8ea7) Importer(815301076,1909f56bfc062723c751e8b465ee728b)
Start importing Packages/com.unity.collab-proxy/Editor/PlasticSCM/Assets/Images/refresh@2x.png using Guid(59571f82a0dc1a14da606dc0df6f8ea7) Importer(815301076,1909f56bfc062723c751e8b465ee728b)  -> (artifact id: 'bc3361ce09e69057fcf9cad939627bc5') in 0.008062 seconds 
========================================================================
Received Import Request.
  Time since last request: 0.000022 seconds.
  path: Assets/Sprites/UI/Title/rock.png
  artifactKey: Guid(cf921fc28afca3649b3a14234d0c57a1) Importer(815301076,1909f56bfc062723c751e8b465ee728b)
Start importing Assets/Sprites/UI/Title/rock.png using Guid(cf921fc28afca3649b3a14234d0c57a1) Importer(815301076,1909f56bfc062723c751e8b465ee728b)  -> (artifact id: '75d77098c591c3011f19690f328818ef') in 0.008810 seconds 
========================================================================
Received Import Request.
  Time since last request: 0.005395 seconds.
  path: Assets/Sprites/Backgrounds/Level1/s01.png
  artifactKey: Guid(85a6bb80cde090d47b27cd2eb32b3d35) Importer(815301076,1909f56bfc062723c751e8b465ee728b)
Start importing Assets/Sprites/Backgrounds/Level1/s01.png using Guid(85a6bb80cde090d47b27cd2eb32b3d35) Importer(815301076,1909f56bfc062723c751e8b465ee728b)  -> (artifact id: '7fa469f90d0eb45d5e03cf7eaeb0b683') in 0.077345 seconds 
========================================================================
Received Import Request.
  Time since last request: 0.824588 seconds.
  path: Assets/Sprites/Cutscenes/Level2/sorry1.png
  artifactKey: Guid(81ba090a09c729b46b8509cd631cdef8) Importer(815301076,1909f56bfc062723c751e8b465ee728b)
Start importing Assets/Sprites/Cutscenes/Level2/sorry1.png using Guid(81ba090a09c729b46b8509cd631cdef8) Importer(815301076,1909f56bfc062723c751e8b465ee728b)  -> (artifact id: '1bc22c92787ab4fb9f0068731905113f') in 0.087946 seconds 
========================================================================
Received Import Request.
  Time since last request: 0.011642 seconds.
  path: Packages/com.unity.collab-proxy/Editor/PlasticSCM/Assets/Images/step1@2x.png
  artifactKey: Guid(affeade9874cf2347abb155e8d0db4d8) Importer(815301076,1909f56bfc062723c751e8b465ee728b)
Start importing Packages/com.unity.collab-proxy/Editor/PlasticSCM/Assets/Images/step1@2x.png using Guid(affeade9874cf2347abb155e8d0db4d8) Importer(815301076,1909f56bfc062723c751e8b465ee728b)  -> (artifact id: 'f86901d79aac6981d4f7901e86c79622') in 0.009360 seconds 
========================================================================
Received Import Request.
  Time since last request: 0.000017 seconds.
  path: Packages/com.unity.collab-proxy/Editor/PlasticSCM/Assets/Images/step2.png
  artifactKey: Guid(cd0b17b71a5c498428ee91dee8a78a88) Importer(815301076,1909f56bfc062723c751e8b465ee728b)
Start importing Packages/com.unity.collab-proxy/Editor/PlasticSCM/Assets/Images/step2.png using Guid(cd0b17b71a5c498428ee91dee8a78a88) Importer(815301076,1909f56bfc062723c751e8b465ee728b)  -> (artifact id: 'fb1a58c109d85293fd89d613ad0364eb') in 0.010013 seconds 
========================================================================
Received Import Request.
  Time since last request: 0.017036 seconds.
  path: Assets/Sprites/UI/time-normal.png
  artifactKey: Guid(c6d3e688073e8714c9903454667f03d7) Importer(815301076,1909f56bfc062723c751e8b465ee728b)
Start importing Assets/Sprites/UI/time-normal.png using Guid(c6d3e688073e8714c9903454667f03d7) Importer(815301076,1909f56bfc062723c751e8b465ee728b)  -> (artifact id: '6d820ab4d14426b9a5f36d6cee68b78f') in 0.008545 seconds 
========================================================================
Received Import Request.
  Time since last request: 0.000021 seconds.
  path: Assets/Sprites/UI/time-trial-perfect.png
  artifactKey: Guid(a0311870305d5cd4da0ff90f675e9f66) Importer(815301076,1909f56bfc062723c751e8b465ee728b)
Start importing Assets/Sprites/UI/time-trial-perfect.png using Guid(a0311870305d5cd4da0ff90f675e9f66) Importer(815301076,1909f56bfc062723c751e8b465ee728b)  -> (artifact id: '94ac29dbe5f2f3db8779788d4134bd2e') in 0.010148 seconds 
========================================================================
Received Import Request.
  Time since last request: 0.311786 seconds.
  path: Assets/Gizmos/Icons/xmeshcollider-icon.png
  artifactKey: Guid(799ca7068778bb448a2992922fec6a8d) Importer(815301076,1909f56bfc062723c751e8b465ee728b)
Start importing Assets/Gizmos/Icons/xmeshcollider-icon.png using Guid(799ca7068778bb448a2992922fec6a8d) Importer(815301076,1909f56bfc062723c751e8b465ee728b)  -> (artifact id: '4e7b152e1ea97f2b07d71c8faee836b6') in 0.008164 seconds 
========================================================================
Received Import Request.
  Time since last request: 0.000017 seconds.
  path: Assets/Sprites/UI/MiniIcons/zionny-mini.png
  artifactKey: Guid(25b08d1295e3c1343b4c203270544a24) Importer(815301076,1909f56bfc062723c751e8b465ee728b)
Start importing Assets/Sprites/UI/MiniIcons/zionny-mini.png using Guid(25b08d1295e3c1343b4c203270544a24) Importer(815301076,1909f56bfc062723c751e8b465ee728b)  -> (artifact id: '5cbe9df00e0912e3ecb872d8c52d06bd') in 0.006206 seconds 
Editor requested this worker to shutdown with reason: Scaling down because of idle timeout
AssetImportWorker is now disconnected from the server
Process exiting
Exiting without the bug reporter. Application will terminate with return code 0